<?xml version="1.0" encoding="UTF-8"?>
<!-- Generated by org.testng.reporters.JUnitReportReporter -->
<testsuite hostname="Vinutha" failures="0" tests="3" name="com.automation.Testscripts_usermenu.Automationscripts2" time="27.089" errors="0" timestamp="2024-10-25T23:09:50 CDT" skipped="0">
  <testcase classname="com.automation.Testscripts_usermenu.Automationscripts2" name="test8_Usermenu" time="8.258"/>
  <system-out/>
  <testcase classname="com.automation.Testscripts_usermenu.Automationscripts2" name="test9_Usermenu" time="8.670"/>
  <system-out/>
  <testcase classname="com.automation.Testscripts_usermenu.Automationscripts2" name="test5_Usermenu" time="10.161"/>
  <system-out/>
</testsuite> <!-- com.automation.Testscripts_usermenu.Automationscripts2 -->
