<?xml version="1.0" encoding="UTF-8"?>
<!-- Generated by org.testng.reporters.JUnitReportReporter -->
<testsuite hostname="Vinutha" failures="0" tests="1" name="com.automation.Testscripts_SFDC.Automationscripts2_1" time="5.977" errors="0" timestamp="2024-10-26T16:36:07 CDT" skipped="0">
  <testcase classname="com.automation.Testscripts_SFDC.Automationscripts2_1" name="testForgotPasswordFunctionality" time="5.977"/>
  <system-out/>
</testsuite> <!-- com.automation.Testscripts_SFDC.Automationscripts2_1 -->
