<?xml version="1.0" encoding="UTF-8"?>
<!-- Generated by org.testng.reporters.JUnitReportReporter -->
<testsuite hostname="Vinutha" failures="0" tests="3" name="com.automation.Testscripts_opty.Automationscripts3" time="75.538" errors="0" timestamp="2024-10-22T11:18:37 CDT" skipped="0">
  <testcase classname="com.automation.Testscripts_opty.Automationscripts3" name="test16_opty" time="39.448"/>
  <system-out/>
  <testcase classname="com.automation.Testscripts_opty.Automationscripts3" name="test17_opty" time="21.386"/>
  <system-out/>
  <testcase classname="com.automation.Testscripts_opty.Automationscripts3" name="test15_opty" time="14.704"/>
  <system-out/>
</testsuite> <!-- com.automation.Testscripts_opty.Automationscripts3 -->
