<?xml version="1.0" encoding="UTF-8"?>
<!-- Generated by org.testng.reporters.JUnitReportReporter -->
<testsuite hostname="Vinutha" failures="0" tests="1" name="com.automation.Testscripts_SFDC.Automationscriptscopy" time="38.372" errors="0" timestamp="2024-10-26T14:24:42 CDT" skipped="0">
  <testcase classname="com.automation.Testscripts_SFDC.Automationscriptscopy" name="test1_SFDC" time="38.372"/>
  <system-out/>
</testsuite> <!-- com.automation.Testscripts_SFDC.Automationscriptscopy -->
