<?xml version="1.0" encoding="UTF-8"?>
<!-- Generated by org.testng.reporters.JUnitReportReporter -->
<testsuite hostname="Vinutha" failures="0" tests="1" name="com.automation.Testscripts_usermenu.Automationscripts1" time="10.904" errors="0" timestamp="2024-10-25T22:51:50 CDT" skipped="0">
  <testcase classname="com.automation.Testscripts_usermenu.Automationscripts1" name="test5_Usermenu" time="10.904"/>
  <system-out/>
</testsuite> <!-- com.automation.Testscripts_usermenu.Automationscripts1 -->
