<?xml version="1.0" encoding="UTF-8"?>
<!-- Generated by org.testng.reporters.JUnitReportReporter -->
<testsuite hostname="Vinutha" failures="0" tests="1" name="com.automation.Testscripts_SFDC.Automationscripts2" time="9.468" errors="0" timestamp="2024-10-26T15:00:05 CDT" skipped="0">
  <testcase classname="com.automation.Testscripts_SFDC.Automationscripts2" name="test1_SFDC" time="9.468"/>
  <system-out/>
</testsuite> <!-- com.automation.Testscripts_SFDC.Automationscripts2 -->
