<?xml version="1.0" encoding="UTF-8"?>
<!-- Generated by org.testng.reporters.JUnitReportReporter -->
<testsuite hostname="Vinutha" failures="0" tests="4" name="com.automation.Testscripts_SFDC.Automationscripts2_2" time="37.734" errors="0" timestamp="2024-10-29T14:25:56 CDT" skipped="0">
  <testcase classname="com.automation.Testscripts_SFDC.Automationscripts2_2" name="test2_SFDC" time="10.325"/>
  <system-out/>
  <testcase classname="com.automation.Testscripts_SFDC.Automationscripts2_2" name="testForgotPasswordFunctionality" time="9.264"/>
  <system-out/>
  <testcase classname="com.automation.Testscripts_SFDC.Automationscripts2_2" name="test3_SFDC" time="10.506"/>
  <system-out/>
  <testcase classname="com.automation.Testscripts_SFDC.Automationscripts2_2" name="test1_SFDC" time="7.639"/>
  <system-out/>
</testsuite> <!-- com.automation.Testscripts_SFDC.Automationscripts2_2 -->
