<?xml version="1.0" encoding="UTF-8"?>
<!-- Generated by org.testng.reporters.JUnitReportReporter -->
<testsuite hostname="Vinutha" failures="0" tests="3" name="com.automation.Testscripts_usermenu.Automationscripts1_1" time="67.589" errors="0" timestamp="2024-10-29T14:25:56 CDT" skipped="0">
  <testcase classname="com.automation.Testscripts_usermenu.Automationscripts1_1" name="test9_Usermenu" time="7.830"/>
  <system-out/>
  <testcase classname="com.automation.Testscripts_usermenu.Automationscripts1_1" name="test5_Usermenu" time="30.144"/>
  <system-out/>
  <testcase classname="com.automation.Testscripts_usermenu.Automationscripts1_1" name="test8_Usermenu" time="29.615"/>
  <system-out/>
</testsuite> <!-- com.automation.Testscripts_usermenu.Automationscripts1_1 -->
